<?xml version="1.0" encoding="UTF-8"?>
<testng-results ignored="0" total="1" passed="1" failed="0" skipped="0">
  <reporter-output>
  </reporter-output>
  <suite started-at="2022-10-11T08:04:10Z" name="Default suite" finished-at="2022-10-11T08:06:34Z" duration-ms="144752">
    <groups>
    </groups>
    <test started-at="2022-10-11T08:04:10Z" name="Default test" finished-at="2022-10-11T08:06:34Z" duration-ms="144752">
      <class name="tests.MapSearch">
        <test-method is-config="true" signature="setup()[pri:0, instance:tests.MapSearch@21ba0741]" started-at="2022-10-11T08:04:10Z" name="setup" finished-at="2022-10-11T08:04:24Z" duration-ms="14738" status="PASS">
          <reporter-output>
          </reporter-output>
        </test-method> <!-- setup -->
        <test-method signature="TestMapSearch()[pri:0, instance:tests.MapSearch@21ba0741]" started-at="2022-10-11T08:04:24Z" name="TestMapSearch" finished-at="2022-10-11T08:06:33Z" duration-ms="128894" status="PASS">
          <reporter-output>
          </reporter-output>
        </test-method> <!-- TestMapSearch -->
        <test-method is-config="true" signature="teardown()[pri:0, instance:tests.MapSearch@21ba0741]" started-at="2022-10-11T08:06:33Z" name="teardown" finished-at="2022-10-11T08:06:34Z" duration-ms="1104" status="PASS">
          <reporter-output>
          </reporter-output>
        </test-method> <!-- teardown -->
      </class> <!-- tests.MapSearch -->
    </test> <!-- Default test -->
  </suite> <!-- Default suite -->
</testng-results>
